<?xml version="1.0" encoding="UTF-8"?>
<testng-results skipped="0" failed="1" ignored="0" total="2" passed="1">
  <reporter-output>
  </reporter-output>
  <suite name="Default suite" duration-ms="5774" started-at="2018-10-24T16:26:00Z" finished-at="2018-10-24T16:26:06Z">
    <groups>
    </groups>
    <test name="Default test" duration-ms="5774" started-at="2018-10-24T16:26:00Z" finished-at="2018-10-24T16:26:06Z">
      <class name="com.qa.RESTfulAPI.TestCases.GetRESTful_WebService_UsingBasicAuthentication">
        <test-method status="PASS" signature="setUpExtentReport()[pri:0, instance:com.qa.RESTfulAPI.TestCases.GetRESTful_WebService_UsingBasicAuthentication@604ed9f0]" name="setUpExtentReport" is-config="true" duration-ms="148" started-at="2018-10-24T16:26:00Z" finished-at="2018-10-24T16:26:00Z">
          <reporter-output>
          </reporter-output>
        </test-method> <!-- setUpExtentReport -->
        <test-method status="PASS" signature="setUpTestCase()[pri:0, instance:com.qa.RESTfulAPI.TestCases.GetRESTful_WebService_UsingBasicAuthentication@604ed9f0]" name="setUpTestCase" is-config="true" duration-ms="3" started-at="2018-10-24T16:26:00Z" finished-at="2018-10-24T16:26:00Z">
          <reporter-output>
          </reporter-output>
        </test-method> <!-- setUpTestCase -->
        <test-method status="PASS" signature="getRESTful_Webservice_basicAuthentication_TC01()[pri:1, instance:com.qa.RESTfulAPI.TestCases.GetRESTful_WebService_UsingBasicAuthentication@604ed9f0]" name="getRESTful_Webservice_basicAuthentication_TC01" duration-ms="3482" started-at="2018-10-24T16:26:00Z" description="Get Request using Valid Authentication in Rest Assured" finished-at="2018-10-24T16:26:03Z">
          <reporter-output>
          </reporter-output>
        </test-method> <!-- getRESTful_Webservice_basicAuthentication_TC01 -->
        <test-method status="PASS" signature="tearDownTestCase(org.testng.ITestResult)[pri:0, instance:com.qa.RESTfulAPI.TestCases.GetRESTful_WebService_UsingBasicAuthentication@604ed9f0]" name="tearDownTestCase" is-config="true" duration-ms="4" started-at="2018-10-24T16:26:03Z" finished-at="2018-10-24T16:26:03Z">
          <params>
            <param index="0">
              <value>
                <![CDATA[[TestResult name=getRESTful_Webservice_basicAuthentication_TC01 status=SUCCESS method=GetRESTful_WebService_UsingBasicAuthentication.getRESTful_Webservice_basicAuthentication_TC01()[pri:1, instance:com.qa.RESTfulAPI.TestCases.GetRESTful_WebService_UsingBasicAuthentication@604ed9f0] output={null}]]]>
              </value>
            </param>
          </params>
          <reporter-output>
          </reporter-output>
        </test-method> <!-- tearDownTestCase -->
        <test-method status="PASS" signature="setUpTestCase()[pri:0, instance:com.qa.RESTfulAPI.TestCases.GetRESTful_WebService_UsingBasicAuthentication@604ed9f0]" name="setUpTestCase" is-config="true" duration-ms="0" started-at="2018-10-24T16:26:03Z" finished-at="2018-10-24T16:26:03Z">
          <reporter-output>
          </reporter-output>
        </test-method> <!-- setUpTestCase -->
        <test-method status="FAIL" signature="getRESTful_Webservice_basicAuthentication_TC02()[pri:2, instance:com.qa.RESTfulAPI.TestCases.GetRESTful_WebService_UsingBasicAuthentication@604ed9f0]" name="getRESTful_Webservice_basicAuthentication_TC02" duration-ms="1802" started-at="2018-10-24T16:26:03Z" description="Get Request using Invalid Authentication in Rest Assured" finished-at="2018-10-24T16:26:05Z">
          <exception class="java.lang.AssertionError">
            <message>
              <![CDATA[Authentication Error; Wrong Username and Password expected [true] but found [false]]]>
            </message>
            <full-stacktrace>
              <![CDATA[java.lang.AssertionError: Authentication Error; Wrong Username and Password expected [true] but found [false]
at org.testng.Assert.fail(Assert.java:96)
at org.testng.Assert.failNotEquals(Assert.java:776)
at org.testng.Assert.assertTrue(Assert.java:44)
at com.qa.RESTfulAPI.TestCases.GetRESTful_WebService_UsingBasicAuthentication.getRESTful_Webservice_basicAuthentication_TC02(GetRESTful_WebService_UsingBasicAuthentication.java:88)
at sun.reflect.NativeMethodAccessorImpl.invoke0(Native Method)
at sun.reflect.NativeMethodAccessorImpl.invoke(NativeMethodAccessorImpl.java:62)
at sun.reflect.DelegatingMethodAccessorImpl.invoke(DelegatingMethodAccessorImpl.java:43)
at java.lang.reflect.Method.invoke(Method.java:498)
at org.testng.internal.MethodInvocationHelper.invokeMethod(MethodInvocationHelper.java:124)
at org.testng.internal.Invoker.invokeMethod(Invoker.java:583)
at org.testng.internal.Invoker.invokeTestMethod(Invoker.java:719)
at org.testng.internal.Invoker.invokeTestMethods(Invoker.java:989)
at org.testng.internal.TestMethodWorker.invokeTestMethods(TestMethodWorker.java:125)
at org.testng.internal.TestMethodWorker.run(TestMethodWorker.java:109)
at org.testng.TestRunner.privateRun(TestRunner.java:648)
at org.testng.TestRunner.run(TestRunner.java:505)
at org.testng.SuiteRunner.runTest(SuiteRunner.java:455)
at org.testng.SuiteRunner.runSequentially(SuiteRunner.java:450)
at org.testng.SuiteRunner.privateRun(SuiteRunner.java:415)
at org.testng.SuiteRunner.run(SuiteRunner.java:364)
at org.testng.SuiteRunnerWorker.runSuite(SuiteRunnerWorker.java:52)
at org.testng.SuiteRunnerWorker.run(SuiteRunnerWorker.java:84)
at org.testng.TestNG.runSuitesSequentially(TestNG.java:1208)
at org.testng.TestNG.runSuitesLocally(TestNG.java:1137)
at org.testng.TestNG.runSuites(TestNG.java:1049)
at org.testng.TestNG.run(TestNG.java:1017)
at org.testng.remote.AbstractRemoteTestNG.run(AbstractRemoteTestNG.java:114)
at org.testng.remote.RemoteTestNG.initAndRun(RemoteTestNG.java:251)
at org.testng.remote.RemoteTestNG.main(RemoteTestNG.java:77)
]]>
            </full-stacktrace>
          </exception> <!-- java.lang.AssertionError -->
          <reporter-output>
          </reporter-output>
        </test-method> <!-- getRESTful_Webservice_basicAuthentication_TC02 -->
        <test-method status="PASS" signature="tearDownTestCase(org.testng.ITestResult)[pri:0, instance:com.qa.RESTfulAPI.TestCases.GetRESTful_WebService_UsingBasicAuthentication@604ed9f0]" name="tearDownTestCase" is-config="true" duration-ms="3" started-at="2018-10-24T16:26:05Z" finished-at="2018-10-24T16:26:05Z">
          <params>
            <param index="0">
              <value>
                <![CDATA[[TestResult name=getRESTful_Webservice_basicAuthentication_TC02 status=FAILURE method=GetRESTful_WebService_UsingBasicAuthentication.getRESTful_Webservice_basicAuthentication_TC02()[pri:2, instance:com.qa.RESTfulAPI.TestCases.GetRESTful_WebService_UsingBasicAuthentication@604ed9f0] output={null}]]]>
              </value>
            </param>
          </params>
          <reporter-output>
          </reporter-output>
        </test-method> <!-- tearDownTestCase -->
        <test-method status="PASS" signature="tearDownExtentReport()[pri:0, instance:com.qa.RESTfulAPI.TestCases.GetRESTful_WebService_UsingBasicAuthentication@604ed9f0]" name="tearDownExtentReport" is-config="true" duration-ms="307" started-at="2018-10-24T16:26:05Z" finished-at="2018-10-24T16:26:06Z">
          <reporter-output>
          </reporter-output>
        </test-method> <!-- tearDownExtentReport -->
      </class> <!-- com.qa.RESTfulAPI.TestCases.GetRESTful_WebService_UsingBasicAuthentication -->
    </test> <!-- Default test -->
  </suite> <!-- Default suite -->
</testng-results>
